Time resolution is 1 ps
Note: Pushing 1
Time: 0 ps  Iteration: 0  Process: /Testbench/line__46  File: /home/wardo/CodingDojo/VHDL/ObjectOrientedVHDL/ObjectOrientedVHDL.srcs/sources_1/imports/new/Testbench.vhd
Note: Pushing 2
Time: 0 ps  Iteration: 0  Process: /Testbench/line__46  File: /home/wardo/CodingDojo/VHDL/ObjectOrientedVHDL/ObjectOrientedVHDL.srcs/sources_1/imports/new/Testbench.vhd
Note: Pushing 3
Time: 0 ps  Iteration: 0  Process: /Testbench/line__46  File: /home/wardo/CodingDojo/VHDL/ObjectOrientedVHDL/ObjectOrientedVHDL.srcs/sources_1/imports/new/Testbench.vhd
Note: Pushing 4
Time: 0 ps  Iteration: 0  Process: /Testbench/line__46  File: /home/wardo/CodingDojo/VHDL/ObjectOrientedVHDL/ObjectOrientedVHDL.srcs/sources_1/imports/new/Testbench.vhd
Note: Pushing 5
Time: 0 ps  Iteration: 0  Process: /Testbench/line__46  File: /home/wardo/CodingDojo/VHDL/ObjectOrientedVHDL/ObjectOrientedVHDL.srcs/sources_1/imports/new/Testbench.vhd
Note: Popping 1
Time: 0 ps  Iteration: 0  Process: /Testbench/line__46  File: /home/wardo/CodingDojo/VHDL/ObjectOrientedVHDL/ObjectOrientedVHDL.srcs/sources_1/imports/new/Testbench.vhd
Note: Popping 2
Time: 0 ps  Iteration: 0  Process: /Testbench/line__46  File: /home/wardo/CodingDojo/VHDL/ObjectOrientedVHDL/ObjectOrientedVHDL.srcs/sources_1/imports/new/Testbench.vhd
Note: Popping 3
Time: 0 ps  Iteration: 0  Process: /Testbench/line__46  File: /home/wardo/CodingDojo/VHDL/ObjectOrientedVHDL/ObjectOrientedVHDL.srcs/sources_1/imports/new/Testbench.vhd
Note: Popping 4
Time: 0 ps  Iteration: 0  Process: /Testbench/line__46  File: /home/wardo/CodingDojo/VHDL/ObjectOrientedVHDL/ObjectOrientedVHDL.srcs/sources_1/imports/new/Testbench.vhd
Note: Popping 5
Time: 0 ps  Iteration: 0  Process: /Testbench/line__46  File: /home/wardo/CodingDojo/VHDL/ObjectOrientedVHDL/ObjectOrientedVHDL.srcs/sources_1/imports/new/Testbench.vhd
Note: The root of the tree is 1
Time: 0 ps  Iteration: 0  Process: /Testbench/line__46  File: /home/wardo/CodingDojo/VHDL/ObjectOrientedVHDL/ObjectOrientedVHDL.srcs/sources_1/imports/new/Testbench.vhd
